Determining if the pthread_create exist failed with the following output:
Change Dir: /tmp/snap_tensorrt/tensorrt_snap/sdk/build/CMakeFiles/CMakeTmp

Run Build Command:"/usr/bin/gmake" "cmTC_52c46/fast"
gmake[1]: Entering directory `/tmp/snap_tensorrt/tensorrt_snap/sdk/build/CMakeFiles/CMakeTmp'
/usr/bin/gmake -f CMakeFiles/cmTC_52c46.dir/build.make CMakeFiles/cmTC_52c46.dir/build
gmake[2]: Entering directory `/tmp/snap_tensorrt/tensorrt_snap/sdk/build/CMakeFiles/CMakeTmp'
Building C object CMakeFiles/cmTC_52c46.dir/CheckSymbolExists.c.o
/usr/bin/cc   -fPIC    -o CMakeFiles/cmTC_52c46.dir/CheckSymbolExists.c.o   -c /tmp/snap_tensorrt/tensorrt_snap/sdk/build/CMakeFiles/CMakeTmp/CheckSymbolExists.c
Linking C executable cmTC_52c46
/tmp/cmake-3.9.0-Linux-x86_64/bin/cmake -E cmake_link_script CMakeFiles/cmTC_52c46.dir/link.txt --verbose=1
/usr/bin/cc -fPIC     -rdynamic CMakeFiles/cmTC_52c46.dir/CheckSymbolExists.c.o  -o cmTC_52c46 
CMakeFiles/cmTC_52c46.dir/CheckSymbolExists.c.o: In function `main':
CheckSymbolExists.c:(.text+0x1b): undefined reference to `pthread_create'
collect2: error: ld returned 1 exit status
gmake[2]: *** [cmTC_52c46] Error 1
gmake[2]: Leaving directory `/tmp/snap_tensorrt/tensorrt_snap/sdk/build/CMakeFiles/CMakeTmp'
gmake[1]: *** [cmTC_52c46/fast] Error 2
gmake[1]: Leaving directory `/tmp/snap_tensorrt/tensorrt_snap/sdk/build/CMakeFiles/CMakeTmp'

File /tmp/snap_tensorrt/tensorrt_snap/sdk/build/CMakeFiles/CMakeTmp/CheckSymbolExists.c:
/* */
#include <pthread.h>

int main(int argc, char** argv)
{
  (void)argv;
#ifndef pthread_create
  return ((int*)(&pthread_create))[argc];
#else
  (void)argc;
  return 0;
#endif
}

Determining if the function pthread_create exists in the pthreads failed with the following output:
Change Dir: /tmp/snap_tensorrt/tensorrt_snap/sdk/build/CMakeFiles/CMakeTmp

Run Build Command:"/usr/bin/gmake" "cmTC_48be9/fast"
gmake[1]: Entering directory `/tmp/snap_tensorrt/tensorrt_snap/sdk/build/CMakeFiles/CMakeTmp'
/usr/bin/gmake -f CMakeFiles/cmTC_48be9.dir/build.make CMakeFiles/cmTC_48be9.dir/build
gmake[2]: Entering directory `/tmp/snap_tensorrt/tensorrt_snap/sdk/build/CMakeFiles/CMakeTmp'
Building C object CMakeFiles/cmTC_48be9.dir/CheckFunctionExists.c.o
/usr/bin/cc   -fPIC -DCHECK_FUNCTION_EXISTS=pthread_create   -o CMakeFiles/cmTC_48be9.dir/CheckFunctionExists.c.o   -c /tmp/cmake-3.9.0-Linux-x86_64/share/cmake-3.9/Modules/CheckFunctionExists.c
Linking C executable cmTC_48be9
/tmp/cmake-3.9.0-Linux-x86_64/bin/cmake -E cmake_link_script CMakeFiles/cmTC_48be9.dir/link.txt --verbose=1
/usr/bin/cc -fPIC -DCHECK_FUNCTION_EXISTS=pthread_create    -rdynamic CMakeFiles/cmTC_48be9.dir/CheckFunctionExists.c.o  -o cmTC_48be9 -lpthreads 
/usr/bin/ld: cannot find -lpthreads
collect2: error: ld returned 1 exit status
gmake[2]: *** [cmTC_48be9] Error 1
gmake[2]: Leaving directory `/tmp/snap_tensorrt/tensorrt_snap/sdk/build/CMakeFiles/CMakeTmp'
gmake[1]: *** [cmTC_48be9/fast] Error 2
gmake[1]: Leaving directory `/tmp/snap_tensorrt/tensorrt_snap/sdk/build/CMakeFiles/CMakeTmp'


